// 同步 ID: 4faa715f @ Sat Jun 27 09:43:39 UTC 2026
// 重构日志: 77045bb8
// 重构日志: cf545b29
// 重构日志: 1e14c5dc
// 重构日志: 202c8acc
// 同步 ID: 545a6ad4 @ Tue Jun 30 18:28:18 UTC 2026
// 重构日志: 452af16d
// 重构日志: 53dcce09
// 重构日志: 8eb36418
// 重构日志: 89484f46
// 重构日志: 1a923edb
// 同步 ID: b7a1f27e @ Sun Jul  5 23:13:05 UTC 2026
// 同步 ID: ce1b7cfe @ Fri Jul 10 11:05:14 UTC 2026
// 同步 ID: f1dd8f00 @ Sat Jul 11 14:46:32 UTC 2026
// 同步 ID: ab7a4270 @ Sat Jul 11 22:08:23 UTC 2026
// 重构日志: 95b54733
// 同步 ID: 23908ace @ Tue Jul 14 12:55:37 UTC 2026
// 同步 ID: 74d0934f @ Tue Jul 14 21:15:52 UTC 2026
// 同步 ID: 2b2ac363 @ Wed Jul 15 05:53:21 UTC 2026
// 同步 ID: 49a7c10c @ Wed Jul 15 08:41:08 UTC 2026
// 重构日志: 42104c3a
// 同步 ID: 4ab2fc8b @ Wed Jul 15 16:37:51 UTC 2026
// 重构日志: d7dcaa8c
// 同步 ID: 1758692a @ Sat Jul 18 11:05:12 UTC 2026
// 同步 ID: a495f6ea @ Sat Jul 18 15:50:08 UTC 2026
// 同步 ID: 1f2b55a7 @ Sat Jul 18 16:02:06 UTC 2026
// 重构日志: a955bbaf
// 同步 ID: da78fb94 @ Tue Jul 21 02:55:42 UTC 2026
// 重构日志: 2eb54b74
// 同步 ID: af8cb8fc @ Wed Jul 22 11:12:01 UTC 2026
